Line 19: Class SHDocVwCtl.WebBrowser of control WebBrowser2 was not a loaded control class.
Line 44: Class SHDocVwCtl.WebBrowser of control WebBrowser3 was not a loaded control class.
Line 69: Class SHDocVwCtl.WebBrowser of control WebBrowser1 was not a loaded control class.
Line 25: The property name ExtentX in WebBrowser2 is invalid.
Line 26: The property name ExtentY in WebBrowser2 is invalid.
Line 27: The property name ViewMode in WebBrowser2 is invalid.
Line 28: The property name Offline in WebBrowser2 is invalid.
Line 29: The property name Silent in WebBrowser2 is invalid.
Line 30: The property name RegisterAsBrowser in WebBrowser2 is invalid.
Line 31: The property name RegisterAsDropTarget in WebBrowser2 is invalid.
Line 32: The property name AutoArrange in WebBrowser2 is invalid.
Line 33: The property name NoClientEdge in WebBrowser2 is invalid.
Line 34: The property name AlignLeft in WebBrowser2 is invalid.
Line 35: The property name NoWebView in WebBrowser2 is invalid.
Line 36: The property name HideFileNames in WebBrowser2 is invalid.
Line 37: The property name SingleClick in WebBrowser2 is invalid.
Line 38: The property name SingleSelection in WebBrowser2 is invalid.
Line 39: The property name NoFolders in WebBrowser2 is invalid.
Line 40: The property name Transparent in WebBrowser2 is invalid.
Line 41: The property name ViewID in WebBrowser2 is invalid.
Line 42: The property name Location in WebBrowser2 is invalid.
Line 50: The property name ExtentX in WebBrowser3 is invalid.
Line 51: The property name ExtentY in WebBrowser3 is invalid.
Line 52: The property name ViewMode in WebBrowser3 is invalid.
Line 53: The property name Offline in WebBrowser3 is invalid.
Line 54: The property name Silent in WebBrowser3 is invalid.
Line 55: The property name RegisterAsBrowser in WebBrowser3 is invalid.
Line 56: The property name RegisterAsDropTarget in WebBrowser3 is invalid.
Line 57: The property name AutoArrange in WebBrowser3 is invalid.
Line 58: The property name NoClientEdge in WebBrowser3 is invalid.
Line 59: The property name AlignLeft in WebBrowser3 is invalid.
Line 60: The property name NoWebView in WebBrowser3 is invalid.
Line 61: The property name HideFileNames in WebBrowser3 is invalid.
Line 62: The property name SingleClick in WebBrowser3 is invalid.
Line 63: The property name SingleSelection in WebBrowser3 is invalid.
Line 64: The property name NoFolders in WebBrowser3 is invalid.
Line 65: The property name Transparent in WebBrowser3 is invalid.
Line 66: The property name ViewID in WebBrowser3 is invalid.
Line 67: The property name Location in WebBrowser3 is invalid.
Line 75: The property name ExtentX in WebBrowser1 is invalid.
Line 76: The property name ExtentY in WebBrowser1 is invalid.
Line 77: The property name ViewMode in WebBrowser1 is invalid.
Line 78: The property name Offline in WebBrowser1 is invalid.
Line 79: The property name Silent in WebBrowser1 is invalid.
Line 80: The property name RegisterAsBrowser in WebBrowser1 is invalid.
Line 81: The property name RegisterAsDropTarget in WebBrowser1 is invalid.
Line 82: The property name AutoArrange in WebBrowser1 is invalid.
Line 83: The property name NoClientEdge in WebBrowser1 is invalid.
Line 84: The property name AlignLeft in WebBrowser1 is invalid.
Line 85: The property name NoWebView in WebBrowser1 is invalid.
Line 86: The property name HideFileNames in WebBrowser1 is invalid.
Line 87: The property name SingleClick in WebBrowser1 is invalid.
Line 88: The property name SingleSelection in WebBrowser1 is invalid.
Line 89: The property name NoFolders in WebBrowser1 is invalid.
Line 90: The property name Transparent in WebBrowser1 is invalid.
Line 91: The property name ViewID in WebBrowser1 is invalid.
Line 92: The property name Location in WebBrowser1 is invalid.
